<?xml version="1.0" encoding="UTF-8"?>
<!-- Generated by org.testng.reporters.JUnitReportReporter -->
<testsuite skipped="0" hostname="DESKTOP-G072IJM" name="selauto.NewTest" tests="1" failures="0" timestamp="03 Aug 2019 10:21:07 GMT" time="17.109" errors="0">
  <testcase name="createCustomer" time="17.109" classname="selauto.NewTest"/>
</testsuite> <!-- selauto.NewTest -->
