<?xml version="1.0" encoding="UTF-8"?>
<!-- Generated by org.testng.reporters.JUnitReportReporter -->
<testsuite skipped="0" hostname="DESKTOP-G072IJM" name="test.CreateCustomer" tests="1" failures="0" timestamp="24 Jul 2019 16:08:54 GMT" time="6.363" errors="0">
  <testcase name="createCustomer" time="6.363" classname="test.CreateCustomer"/>
</testsuite> <!-- test.CreateCustomer -->
