<?xml version="1.0" encoding="UTF-8"?>
<!-- Generated by org.testng.reporters.JUnitReportReporter -->
<testsuite skipped="0" hostname="DESKTOP-G072IJM" name="test.CreateNewUser" tests="1" failures="0" timestamp="24 Jul 2019 18:27:13 GMT" time="8.758" errors="0">
  <testcase name="CreateNewUser" time="8.758" classname="test.CreateNewUser"/>
</testsuite> <!-- test.CreateNewUser -->
